<?xml version="1.0" encoding="UTF-8"?>
<!-- Generated by org.testng.reporters.JUnitReportReporter -->
<testsuite hostname="agasa" failures="0" tests="3" name="testsuite.Module2" time="0.016" errors="0" timestamp="2023-01-05T12:03:16 EST" skipped="0">
  <testcase classname="testsuite.Module2" name="test002" time="0.001"/>
  <system-out/>
  <testcase classname="testsuite.Module2" name="test001" time="0.011"/>
  <system-out/>
  <testcase classname="testsuite.Module2" name="test003" time="0.004"/>
  <system-out/>
</testsuite> <!-- testsuite.Module2 -->
