<?xml version="1.0" encoding="UTF-8"?>
<!-- Generated by org.testng.reporters.JUnitReportReporter -->
<testsuite hostname="agasa" failures="0" tests="3" name="testsuite.Module1" time="0.011" errors="0" timestamp="2023-01-05T09:18:44 EST" skipped="0">
  <testcase classname="testsuite.Module1" name="test002" time="0.001"/>
  <system-out/>
  <testcase classname="testsuite.Module1" name="test001" time="0.009"/>
  <system-out/>
  <testcase classname="testsuite.Module1" name="test003" time="0.001"/>
  <system-out/>
</testsuite> <!-- testsuite.Module1 -->
